<?xml version="1.0" encoding="UTF-8"?>
<!-- Generated by org.testng.reporters.JUnitReportReporter -->
<testsuite hostname="LAPTOP-N4LC424N" failures="0" tests="2" name="dd.DataDriven" time="0.018" errors="0" timestamp="2025-02-08T00:33:47 IST" skipped="0">
  <testcase classname="dd.DataDriven" name="testlogin" time="0.016"/>
  <testcase classname="dd.DataDriven" name="testlogin" time="0.002"/>
</testsuite> <!-- dd.DataDriven -->
