<?xml version="1.0" encoding="UTF-8"?>
<!-- Generated by org.testng.reporters.JUnitReportReporter -->
<testsuite hostname="LAPTOP-N4LC424N" failures="0" tests="3" name="testng.Day47_sampletestcase" time="0.032" errors="0" timestamp="2025-02-21T17:07:03 IST" skipped="0">
  <testcase classname="testng.Day47_sampletestcase" name="openapp" time="0.028"/>
  <system-out/>
  <testcase classname="testng.Day47_sampletestcase" name="login" time="0.002"/>
  <system-out/>
  <testcase classname="testng.Day47_sampletestcase" name="logout" time="0.002"/>
  <system-out/>
</testsuite> <!-- testng.Day47_sampletestcase -->
