<?xml version="1.0" encoding="UTF-8"?>
<!-- Generated by org.testng.reporters.JUnitReportReporter -->
<testsuite hostname="LAPTOP-N4LC424N" failures="0" tests="1" name="thirtyPrograms.Countdigits_d6" time="0.033" errors="0" timestamp="2025-02-21T10:47:02 IST" skipped="0">
  <testcase classname="thirtyPrograms.Countdigits_d6" name="while_count_digits_d8" time="0.033"/>
  <system-out/>
</testsuite> <!-- thirtyPrograms.Countdigits_d6 -->
