<?xml version="1.0" encoding="UTF-8"?>
<!-- Generated by org.testng.reporters.JUnitReportReporter -->
<testsuite hostname="LAPTOP-N4LC424N" failures="0" tests="1" name="parsingResponseBody_d4.ParseResponsebody" time="3.242" errors="0" timestamp="2025-02-21T19:09:44 IST" skipped="0">
  <testcase classname="parsingResponseBody_d4.ParseResponsebody" name="testJsonResponseParsingAi" time="3.242"/>
  <system-out/>
</testsuite> <!-- parsingResponseBody_d4.ParseResponsebody -->
