<?xml version="1.0" encoding="UTF-8"?>
<!-- Generated by org.testng.reporters.JUnitReportReporter -->
<testsuite hostname="LAPTOP-N4LC424N" failures="0" tests="1" name="schemavalidations_day6.JSONSchemaValidationReqres" time="2.405" errors="0" timestamp="2025-02-15T19:51:58 IST" skipped="0">
  <testcase classname="schemavalidations_day6.JSONSchemaValidationReqres" name="jsonschemavalidation" time="2.405"/>
  <system-out/>
</testsuite> <!-- schemavalidations_day6.JSONSchemaValidationReqres -->
