<?xml version="1.0" encoding="UTF-8"?>
<!-- Generated by org.testng.reporters.JUnitReportReporter -->
<testsuite hostname="LAPTOP-N4LC424N" failures="0" tests="1" name="salesforceRestAssured.Salesforceapiautomation" time="3.609" errors="0" timestamp="2025-02-15T19:54:23 IST" skipped="0">
  <testcase classname="salesforceRestAssured.Salesforceapiautomation" name="testsalesforceautomation" time="3.609"/>
  <system-out/>
</testsuite> <!-- salesforceRestAssured.Salesforceapiautomation -->
