<?xml version="1.0" encoding="UTF-8"?>
<!-- Generated by org.testng.reporters.JUnitReportReporter -->
<testsuite hostname="LAPTOP-N4LC424N" failures="0" tests="1" name="thirty.HashMap_Testng_thirty_ra_301500" time="0.023" errors="0" timestamp="2025-02-16T15:31:12 IST" skipped="0">
  <testcase classname="thirty.HashMap_Testng_thirty_ra_301500" name="testHashmapIterator" time="0.023"/>
  <system-out/>
</testsuite> <!-- thirty.HashMap_Testng_thirty_ra_301500 -->
