<?xml version="1.0" encoding="UTF-8"?>
<!-- Generated by org.testng.reporters.JUnitReportReporter -->
<testsuite hostname="LAPTOP-N4LC424N" failures="0" tests="4" name="testng.Day47_Annotation" time="10.301" errors="0" timestamp="2025-02-21T17:07:47 IST" skipped="0">
  <testcase classname="testng.Day47_Annotation" name="OpenApp" time="4.245"/>
  <system-out/>
  <testcase classname="testng.Day47_Annotation" name="testLogo" time="4.131"/>
  <system-out/>
  <testcase classname="testng.Day47_Annotation" name="testLogin" time="1.701"/>
  <system-out/>
  <testcase classname="testng.Day47_Annotation" name="close" time="0.224"/>
  <system-out/>
</testsuite> <!-- testng.Day47_Annotation -->
