<?xml version="1.0" encoding="UTF-8"?>
<!-- Generated by org.testng.reporters.JUnitReportReporter -->
<testsuite hostname="LAPTOP-N4LC424N" failures="0" tests="1" name="day2.diffWaysToCreatePostRequestBody" time="2.483" errors="0" timestamp="2025-02-07T21:45:35 IST" skipped="0">
  <testcase classname="day2.diffWaysToCreatePostRequestBody" name="testDelete" time="2.483"/>
</testsuite> <!-- day2.diffWaysToCreatePostRequestBody -->
