<?xml version="1.0" encoding="UTF-8"?>
<!-- Generated by org.testng.reporters.JUnitReportReporter -->
<testsuite hostname="LAPTOP-N4LC424N" failures="0" tests="1" name="day2.ExternalJson" time="2.868" errors="0" timestamp="2025-02-14T10:28:05 IST" skipped="0">
  <testcase classname="day2.ExternalJson" name="testusingExternalJson" time="2.868"/>
  <system-out/>
</testsuite> <!-- day2.ExternalJson -->
