<?xml version="1.0" encoding="UTF-8"?>
<!-- Generated by org.testng.reporters.JUnitReportReporter -->
<testsuite hostname="LAPTOP-N4LC424N" failures="0" tests="1" name="thirty.ReverseeachWord_28_stringarray" time="0.015" errors="0" timestamp="2025-02-17T09:54:56 IST" skipped="0">
  <testcase classname="thirty.ReverseeachWord_28_stringarray" name="splitstringtoarrayofstrings" time="0.015"/>
  <system-out/>
</testsuite> <!-- thirty.ReverseeachWord_28_stringarray -->
