<?xml version="1.0" encoding="UTF-8"?>
<!-- Generated by org.testng.reporters.JUnitReportReporter -->
<testsuite hostname="LAPTOP-N4LC424N" failures="0" tests="1" name="thirtyPrograms.RemoveJunkString" time="0.020" errors="0" timestamp="2025-02-21T07:40:13 IST" skipped="0">
  <testcase classname="thirtyPrograms.RemoveJunkString" name="removeJunkCharactersinString" time="0.020"/>
  <system-out/>
</testsuite> <!-- thirtyPrograms.RemoveJunkString -->
