<?xml version="1.0" encoding="UTF-8"?>
<!-- Generated by org.testng.reporters.JUnitReportReporter -->
<testsuite hostname="LAPTOP-N4LC424N" failures="0" tests="1" name="d8_APichaining.Createuser3" time="4.317" errors="0" timestamp="2025-02-18T11:55:14 IST" skipped="0">
  <testcase classname="d8_APichaining.Createuser3" name="test_CreateUser" time="4.317"/>
  <system-out/>
</testsuite> <!-- d8_APichaining.Createuser3 -->
