<?xml version="1.0" encoding="UTF-8"?>
<!-- Generated by org.testng.reporters.JUnitReportReporter -->
<testsuite hostname="LAPTOP-N4LC424N" failures="0" tests="1" name="thirty.SearchString" time="0.016" errors="0" timestamp="2025-02-19T07:14:42 IST" skipped="0">
  <testcase classname="thirty.SearchString" name="SearchStringUsingLoop" time="0.016"/>
  <system-out/>
</testsuite> <!-- thirty.SearchString -->
