<?xml version="1.0" encoding="UTF-8"?>
<!-- Generated by org.testng.reporters.JUnitReportReporter -->
<testsuite hostname="LAPTOP-N4LC424N" failures="0" tests="1" name="thirtyJavaSelenium.HeadLesstesting_d34" time="4.365" errors="0" timestamp="2025-02-22T11:17:08 IST" skipped="0">
  <testcase classname="thirtyJavaSelenium.HeadLesstesting_d34" name="doheadlesstesting" time="4.365"/>
  <system-out/>
</testsuite> <!-- thirtyJavaSelenium.HeadLesstesting_d34 -->
