<?xml version="1.0" encoding="UTF-8"?>
<!-- Generated by org.testng.reporters.JUnitReportReporter -->
<testsuite hostname="LAPTOP-N4LC424N" failures="0" tests="1" name="thirtyPrograms.SearchString" time="0.013" errors="0" timestamp="2025-02-22T07:51:34 IST" skipped="0">
  <testcase classname="thirtyPrograms.SearchString" name="SearchStringUsingLoopcountoccurancesusinglength" time="0.013"/>
  <system-out/>
</testsuite> <!-- thirtyPrograms.SearchString -->
