<?xml version="1.0" encoding="UTF-8"?>
<!-- Generated by org.testng.reporters.JUnitReportReporter -->
<testsuite hostname="LAPTOP-N4LC424N" failures="0" tests="1" name="thirtyPrograms.Oddandeven" time="0.017" errors="0" timestamp="2025-02-23T07:10:06 IST" skipped="0">
  <testcase classname="thirtyPrograms.Oddandeven" name="getevenandodd" time="0.017"/>
  <system-out/>
</testsuite> <!-- thirtyPrograms.Oddandeven -->
