<?xml version="1.0" encoding="UTF-8"?>
<!-- Generated by org.testng.reporters.JUnitReportReporter -->
<testsuite hostname="LAPTOP-N4LC424N" failures="0" tests="1" name="d8_APichaining.CreateUser" time="4.764" errors="0" timestamp="2025-02-21T19:17:44 IST" skipped="0">
  <testcase classname="d8_APichaining.CreateUser" name="test_createUser" time="4.764"/>
  <system-out/>
</testsuite> <!-- d8_APichaining.CreateUser -->
