<?xml version="1.0" encoding="UTF-8"?>
<!-- Generated by org.testng.reporters.JUnitReportReporter -->
<testsuite hostname="LAPTOP-N4LC424N" failures="0" tests="1" name="day7_authentications.BasicAuthentication" time="4.180" errors="0" timestamp="2025-02-17T19:13:28 IST" skipped="0">
  <testcase classname="day7_authentications.BasicAuthentication" name="testBasicAuthentication" time="4.180"/>
  <system-out/>
</testsuite> <!-- day7_authentications.BasicAuthentication -->
