<?xml version="1.0" encoding="UTF-8"?>
<!-- Generated by org.testng.reporters.JUnitReportReporter -->
<testsuite hostname="LAPTOP-N4LC424N" failures="0" tests="1" name="thirtyPrograms.ReverseeachWord_28_stringarray" time="0.016" errors="0" timestamp="2025-02-22T08:15:57 IST" skipped="0">
  <testcase classname="thirtyPrograms.ReverseeachWord_28_stringarray" name="reverseEachWord" time="0.016"/>
  <system-out/>
</testsuite> <!-- thirtyPrograms.ReverseeachWord_28_stringarray -->
