<?xml version="1.0" encoding="UTF-8"?>
<!-- Generated by org.testng.reporters.JUnitReportReporter -->
<testsuite hostname="LAPTOP-N4LC424N" failures="0" tests="1" name="apachepoi_d40.ReadfromExcel" time="2.079" errors="0" timestamp="2025-02-23T07:48:46 IST" skipped="0">
  <testcase classname="apachepoi_d40.ReadfromExcel" name="ReadfromExcel" time="2.079"/>
  <system-out/>
</testsuite> <!-- apachepoi_d40.ReadfromExcel -->
