<?xml version="1.0" encoding="UTF-8"?>
<!-- Generated by org.testng.reporters.JUnitReportReporter -->
<testsuite hostname="LAPTOP-N4LC424N" failures="0" tests="1" name="thirty.Select_D31" time="19.636" errors="0" timestamp="2025-02-17T11:08:51 IST" skipped="0">
  <testcase classname="thirty.Select_D31" name="selectmethods" time="19.636"/>
  <system-out/>
</testsuite> <!-- thirty.Select_D31 -->
