<?xml version="1.0" encoding="UTF-8"?>
<!-- Generated by org.testng.reporters.JUnitReportReporter -->
<testsuite hostname="LAPTOP-N4LC424N" failures="0" tests="1" name="thirty.Statictable_d" time="7.411" errors="0" timestamp="2025-02-17T13:05:49 IST" skipped="0">
  <testcase classname="thirty.Statictable_d" name="selectmethods" time="7.411"/>
  <system-out/>
</testsuite> <!-- thirty.Statictable_d -->
