<?xml version="1.0" encoding="UTF-8"?>
<!-- Generated by org.testng.reporters.JUnitReportReporter -->
<testsuite hostname="LAPTOP-N4LC424N" failures="0" tests="1" name="thirtyJavaSelenium.Capturescreenshot" time="51.903" errors="0" timestamp="2025-02-22T10:31:49 IST" skipped="0">
  <testcase classname="thirtyJavaSelenium.Capturescreenshot" name="specificscreenshot" time="51.903"/>
  <system-out/>
</testsuite> <!-- thirtyJavaSelenium.Capturescreenshot -->
