<?xml version="1.0" encoding="UTF-8"?>
<!-- Generated by org.testng.reporters.JUnitReportReporter -->
<testsuite hostname="LAPTOP-N4LC424N" failures="0" tests="1" name="thirty.DatePicker_301500_dwi" time="15.057" errors="0" timestamp="2025-02-16T09:37:13 IST" skipped="0">
  <testcase classname="thirty.DatePicker_301500_dwi" name="datesendkeys" time="15.057"/>
  <system-out/>
</testsuite> <!-- thirty.DatePicker_301500_dwi -->
