<?xml version="1.0" encoding="UTF-8"?>
<!-- Generated by org.testng.reporters.JUnitReportReporter -->
<testsuite hostname="LAPTOP-N4LC424N" failures="0" tests="1" name="schemavalidations_day6.JSONSchemaValidation" time="3.317" errors="0" timestamp="2025-02-18T09:25:19 IST" skipped="0">
  <testcase classname="schemavalidations_day6.JSONSchemaValidation" name="jsonschemavalidation" time="3.317"/>
  <system-out/>
</testsuite> <!-- schemavalidations_day6.JSONSchemaValidation -->
