<?xml version="1.0" encoding="UTF-8"?>
<!-- Generated by org.testng.reporters.JUnitReportReporter -->
<testsuite hostname="LAPTOP-N4LC424N" failures="0" tests="3" name="thirty.Arrays" time="0.026" errors="0" timestamp="2025-02-16T07:42:18 IST" skipped="0">
  <testcase classname="thirty.Arrays" name="getindexofarrayelement" time="0.021"/>
  <system-out/>
  <testcase classname="thirty.Arrays" name="Linearsearch" time="0.003"/>
  <system-out/>
  <testcase classname="thirty.Arrays" name="GetArraylistIndex" time="0.002"/>
  <system-out/>
</testsuite> <!-- thirty.Arrays -->
