<?xml version="1.0" encoding="UTF-8"?>
<!-- Generated by org.testng.reporters.JUnitReportReporter -->
<testsuite hostname="LAPTOP-N4LC424N" failures="0" tests="1" name="thirtyJavaSelenium.AHeadLesstesting_d34" time="13.244" errors="0" timestamp="2025-03-26T13:06:34 IST" skipped="0">
  <testcase classname="thirtyJavaSelenium.AHeadLesstesting_d34" name="doheadlesstesting" time="13.244"/>
</testsuite> <!-- thirtyJavaSelenium.AHeadLesstesting_d34 -->
