<?xml version="1.0" encoding="UTF-8"?>
<!-- Generated by org.testng.reporters.JUnitReportReporter -->
<testsuite hostname="LAPTOP-N4LC424N" failures="0" tests="1" name="thirtyJavaSelenium.AHeadLesstesting_d34" time="5.160" errors="0" timestamp="2025-02-25T12:40:55 IST" skipped="0">
  <testcase classname="thirtyJavaSelenium.AHeadLesstesting_d34" name="doheadlesstesting" time="5.160"/>
</testsuite> <!-- thirtyJavaSelenium.AHeadLesstesting_d34 -->
